[debug] [2019-12-10T17:47:59.202Z] ----------------------------------------------------------------------
[debug] [2019-12-10T17:47:59.206Z] Command:       C:\Program Files (x86)\nodejs\node.exe C:\Users\paras\AppData\Roaming\npm\node_modules\firebase-tools\lib\bin\firebase.js init
[debug] [2019-12-10T17:47:59.206Z] CLI Version:   7.3.2
[debug] [2019-12-10T17:47:59.206Z] Platform:      win32
[debug] [2019-12-10T17:47:59.206Z] Node Version:  v10.15.3
[debug] [2019-12-10T17:47:59.215Z] Time:          Tue Dec 10 2019 19:47:59 GMT+0200 (Eastern European Standard Time)
[debug] [2019-12-10T17:47:59.215Z] ----------------------------------------------------------------------
[debug] 
[debug] [2019-12-10T17:47:59.249Z] > command requires scopes: ["email","openid","https://www.googleapis.com/auth/cloudplatformprojects.readonly","https://www.googleapis.com/auth/firebase","https://www.googleapis.com/auth/cloud-platform"]
[debug] [2019-12-10T17:47:59.250Z] > authorizing via signed-in user
[info] 
     ######## #### ########  ######## ########     ###     ######  ########
     ##        ##  ##     ## ##       ##     ##  ##   ##  ##       ##
     ######    ##  ########  ######   ########  #########  ######  ######
     ##        ##  ##    ##  ##       ##     ## ##     ##       ## ##
     ##       #### ##     ## ######## ########  ##     ##  ######  ########

You're about to initialize a Firebase project in this directory:

  C:\Users\paras\angular-app\big-data-project

[info] 
=== Project Setup
[info] 
[info] First, let's associate this project directory with a Firebase project.
[info] You can create multiple project aliases by running firebase use --add, 
[info] but for now we'll just set up a default project.
[info] 
[debug] [2019-12-10T17:48:18.269Z] > refreshing access token with scopes: ["email","https://www.googleapis.com/auth/cloud-platform","https://www.googleapis.com/auth/cloudplatformprojects.readonly","https://www.googleapis.com/auth/firebase","openid"]
[debug] [2019-12-10T17:48:18.269Z] >>> HTTP REQUEST POST https://www.googleapis.com/oauth2/v3/token  
 <request body omitted>
[debug] [2019-12-10T17:48:18.471Z] <<< HTTP RESPONSE 200
[debug] [2019-12-10T17:48:18.482Z] >>> HTTP REQUEST GET https://firebase.googleapis.com/v1beta1/projects?pageSize=100  
 
[debug] [2019-12-10T17:48:19.042Z] <<< HTTP RESPONSE 200
[info] i  Using project big-data-project-c4988 (big data project)
[info] 
=== Hosting Setup
[info] 
[info] Your public directory is the folder (relative to your project directory) that
[info] will contain Hosting assets to be uploaded with firebase deploy. If you
[info] have a build process for your assets, use your build's output directory.
[info] 
[debug] [2019-12-10T19:50:06.881Z] Error: kill ENOSYS
    at process.kill (internal/process/per_thread.js:198:13)
    at process.listener (C:\Users\paras\AppData\Roaming\npm\node_modules\firebase-tools\node_modules\signal-exit\index.js:95:15)
    at process.emit (events.js:189:13)
[error] 
[error] Error: An unexpected error has occurred.
